CRITICAL - 2024-01-10 06:54:57 --> Undefined variable $mobilityScore
in APPPATH\Views\visa.php on line 35.
 1 APPPATH\Views\visa.php(35): CodeIgniter\Debug\Exceptions->errorHandler(2, 'Undefined variable $mobilityScore', 'C:\\xampp\\htdocs\\visafree-codeigniter4\\app\\Views\\visa.php', 35)
 2 SYSTEMPATH\View\View.php(228): include('C:\\xampp\\htdocs\\visafree-codeigniter4\\app\\Views\\visa.php')
 3 SYSTEMPATH\View\View.php(231): CodeIgniter\View\View->CodeIgniter\View\{closure}()
 4 SYSTEMPATH\Common.php(1190): CodeIgniter\View\View->render('visa', [], true)
 5 APPPATH\Controllers\Details.php(23): view('visa', [...])
 6 SYSTEMPATH\CodeIgniter.php(942): App\Controllers\Details->index('united arab emirates')
 7 SYSTEMPATH\CodeIgniter.php(502): CodeIgniter\CodeIgniter->runController(Object(App\Controllers\Details))
 8 SYSTEMPATH\CodeIgniter.php(361): CodeIgniter\CodeIgniter->handleRequest(null, Object(Config\Cache), false)
 9 FCPATH\index.php(79): CodeIgniter\CodeIgniter->run()
CRITICAL - 2024-01-10 06:55:37 --> Undefined variable $mobilityScore
in APPPATH\Views\visa.php on line 35.
 1 APPPATH\Views\visa.php(35): CodeIgniter\Debug\Exceptions->errorHandler(2, 'Undefined variable $mobilityScore', 'C:\\xampp\\htdocs\\visafree-codeigniter4\\app\\Views\\visa.php', 35)
 2 SYSTEMPATH\View\View.php(228): include('C:\\xampp\\htdocs\\visafree-codeigniter4\\app\\Views\\visa.php')
 3 SYSTEMPATH\View\View.php(231): CodeIgniter\View\View->CodeIgniter\View\{closure}()
 4 SYSTEMPATH\Common.php(1190): CodeIgniter\View\View->render('visa', [], true)
 5 APPPATH\Controllers\Details.php(23): view('visa', [...])
 6 SYSTEMPATH\CodeIgniter.php(942): App\Controllers\Details->index('united arab emirates')
 7 SYSTEMPATH\CodeIgniter.php(502): CodeIgniter\CodeIgniter->runController(Object(App\Controllers\Details))
 8 SYSTEMPATH\CodeIgniter.php(361): CodeIgniter\CodeIgniter->handleRequest(null, Object(Config\Cache), false)
 9 FCPATH\index.php(79): CodeIgniter\CodeIgniter->run()
CRITICAL - 2024-01-10 06:55:38 --> Undefined variable $mobilityScore
in APPPATH\Views\visa.php on line 35.
 1 APPPATH\Views\visa.php(35): CodeIgniter\Debug\Exceptions->errorHandler(2, 'Undefined variable $mobilityScore', 'C:\\xampp\\htdocs\\visafree-codeigniter4\\app\\Views\\visa.php', 35)
 2 SYSTEMPATH\View\View.php(228): include('C:\\xampp\\htdocs\\visafree-codeigniter4\\app\\Views\\visa.php')
 3 SYSTEMPATH\View\View.php(231): CodeIgniter\View\View->CodeIgniter\View\{closure}()
 4 SYSTEMPATH\Common.php(1190): CodeIgniter\View\View->render('visa', [], true)
 5 APPPATH\Controllers\Details.php(23): view('visa', [...])
 6 SYSTEMPATH\CodeIgniter.php(942): App\Controllers\Details->index('united arab emirates')
 7 SYSTEMPATH\CodeIgniter.php(502): CodeIgniter\CodeIgniter->runController(Object(App\Controllers\Details))
 8 SYSTEMPATH\CodeIgniter.php(361): CodeIgniter\CodeIgniter->handleRequest(null, Object(Config\Cache), false)
 9 FCPATH\index.php(79): CodeIgniter\CodeIgniter->run()
CRITICAL - 2024-01-10 06:56:25 --> Undefined variable $mobilityScore
in APPPATH\Views\visa.php on line 35.
 1 APPPATH\Views\visa.php(35): CodeIgniter\Debug\Exceptions->errorHandler(2, 'Undefined variable $mobilityScore', 'C:\\xampp\\htdocs\\visafree-codeigniter4\\app\\Views\\visa.php', 35)
 2 SYSTEMPATH\View\View.php(228): include('C:\\xampp\\htdocs\\visafree-codeigniter4\\app\\Views\\visa.php')
 3 SYSTEMPATH\View\View.php(231): CodeIgniter\View\View->CodeIgniter\View\{closure}()
 4 SYSTEMPATH\Common.php(1190): CodeIgniter\View\View->render('visa', [], true)
 5 APPPATH\Controllers\Details.php(23): view('visa', [...])
 6 SYSTEMPATH\CodeIgniter.php(942): App\Controllers\Details->index('united arab emirates')
 7 SYSTEMPATH\CodeIgniter.php(502): CodeIgniter\CodeIgniter->runController(Object(App\Controllers\Details))
 8 SYSTEMPATH\CodeIgniter.php(361): CodeIgniter\CodeIgniter->handleRequest(null, Object(Config\Cache), false)
 9 FCPATH\index.php(79): CodeIgniter\CodeIgniter->run()
CRITICAL - 2024-01-10 06:56:48 --> Undefined variable $mobilityScore
in APPPATH\Views\visa.php on line 35.
 1 APPPATH\Views\visa.php(35): CodeIgniter\Debug\Exceptions->errorHandler(2, 'Undefined variable $mobilityScore', 'C:\\xampp\\htdocs\\visafree-codeigniter4\\app\\Views\\visa.php', 35)
 2 SYSTEMPATH\View\View.php(228): include('C:\\xampp\\htdocs\\visafree-codeigniter4\\app\\Views\\visa.php')
 3 SYSTEMPATH\View\View.php(231): CodeIgniter\View\View->CodeIgniter\View\{closure}()
 4 SYSTEMPATH\Common.php(1190): CodeIgniter\View\View->render('visa', [], true)
 5 APPPATH\Controllers\Details.php(23): view('visa', [...])
 6 SYSTEMPATH\CodeIgniter.php(942): App\Controllers\Details->index('afghanistan')
 7 SYSTEMPATH\CodeIgniter.php(502): CodeIgniter\CodeIgniter->runController(Object(App\Controllers\Details))
 8 SYSTEMPATH\CodeIgniter.php(361): CodeIgniter\CodeIgniter->handleRequest(null, Object(Config\Cache), false)
 9 FCPATH\index.php(79): CodeIgniter\CodeIgniter->run()
CRITICAL - 2024-01-10 06:56:57 --> Undefined variable $mobilityScore
in APPPATH\Views\visa.php on line 35.
 1 APPPATH\Views\visa.php(35): CodeIgniter\Debug\Exceptions->errorHandler(2, 'Undefined variable $mobilityScore', 'C:\\xampp\\htdocs\\visafree-codeigniter4\\app\\Views\\visa.php', 35)
 2 SYSTEMPATH\View\View.php(228): include('C:\\xampp\\htdocs\\visafree-codeigniter4\\app\\Views\\visa.php')
 3 SYSTEMPATH\View\View.php(231): CodeIgniter\View\View->CodeIgniter\View\{closure}()
 4 SYSTEMPATH\Common.php(1190): CodeIgniter\View\View->render('visa', [], true)
 5 APPPATH\Controllers\Details.php(23): view('visa', [...])
 6 SYSTEMPATH\CodeIgniter.php(942): App\Controllers\Details->index('afghanistan')
 7 SYSTEMPATH\CodeIgniter.php(502): CodeIgniter\CodeIgniter->runController(Object(App\Controllers\Details))
 8 SYSTEMPATH\CodeIgniter.php(361): CodeIgniter\CodeIgniter->handleRequest(null, Object(Config\Cache), false)
 9 FCPATH\index.php(79): CodeIgniter\CodeIgniter->run()
CRITICAL - 2024-01-10 06:57:37 --> Undefined variable $visaFreeCountries
in APPPATH\Views\visa.php on line 44.
 1 APPPATH\Views\visa.php(44): CodeIgniter\Debug\Exceptions->errorHandler(2, 'Undefined variable $visaFreeCountries', 'C:\\xampp\\htdocs\\visafree-codeigniter4\\app\\Views\\visa.php', 44)
 2 SYSTEMPATH\View\View.php(228): include('C:\\xampp\\htdocs\\visafree-codeigniter4\\app\\Views\\visa.php')
 3 SYSTEMPATH\View\View.php(231): CodeIgniter\View\View->CodeIgniter\View\{closure}()
 4 SYSTEMPATH\Common.php(1190): CodeIgniter\View\View->render('visa', [], true)
 5 APPPATH\Controllers\Details.php(23): view('visa', [...])
 6 SYSTEMPATH\CodeIgniter.php(942): App\Controllers\Details->index('afghanistan')
 7 SYSTEMPATH\CodeIgniter.php(502): CodeIgniter\CodeIgniter->runController(Object(App\Controllers\Details))
 8 SYSTEMPATH\CodeIgniter.php(361): CodeIgniter\CodeIgniter->handleRequest(null, Object(Config\Cache), false)
 9 FCPATH\index.php(79): CodeIgniter\CodeIgniter->run()
CRITICAL - 2024-01-10 06:57:54 --> Undefined variable $mobilityScore
in APPPATH\Views\visa.php on line 35.
 1 APPPATH\Views\visa.php(35): CodeIgniter\Debug\Exceptions->errorHandler(2, 'Undefined variable $mobilityScore', 'C:\\xampp\\htdocs\\visafree-codeigniter4\\app\\Views\\visa.php', 35)
 2 SYSTEMPATH\View\View.php(228): include('C:\\xampp\\htdocs\\visafree-codeigniter4\\app\\Views\\visa.php')
 3 SYSTEMPATH\View\View.php(231): CodeIgniter\View\View->CodeIgniter\View\{closure}()
 4 SYSTEMPATH\Common.php(1190): CodeIgniter\View\View->render('visa', [], true)
 5 APPPATH\Controllers\Details.php(23): view('visa', [...])
 6 SYSTEMPATH\CodeIgniter.php(942): App\Controllers\Details->index('afghanistan')
 7 SYSTEMPATH\CodeIgniter.php(502): CodeIgniter\CodeIgniter->runController(Object(App\Controllers\Details))
 8 SYSTEMPATH\CodeIgniter.php(361): CodeIgniter\CodeIgniter->handleRequest(null, Object(Config\Cache), false)
 9 FCPATH\index.php(79): CodeIgniter\CodeIgniter->run()
CRITICAL - 2024-01-10 06:57:55 --> Undefined variable $mobilityScore
in APPPATH\Views\visa.php on line 35.
 1 APPPATH\Views\visa.php(35): CodeIgniter\Debug\Exceptions->errorHandler(2, 'Undefined variable $mobilityScore', 'C:\\xampp\\htdocs\\visafree-codeigniter4\\app\\Views\\visa.php', 35)
 2 SYSTEMPATH\View\View.php(228): include('C:\\xampp\\htdocs\\visafree-codeigniter4\\app\\Views\\visa.php')
 3 SYSTEMPATH\View\View.php(231): CodeIgniter\View\View->CodeIgniter\View\{closure}()
 4 SYSTEMPATH\Common.php(1190): CodeIgniter\View\View->render('visa', [], true)
 5 APPPATH\Controllers\Details.php(23): view('visa', [...])
 6 SYSTEMPATH\CodeIgniter.php(942): App\Controllers\Details->index('afghanistan')
 7 SYSTEMPATH\CodeIgniter.php(502): CodeIgniter\CodeIgniter->runController(Object(App\Controllers\Details))
 8 SYSTEMPATH\CodeIgniter.php(361): CodeIgniter\CodeIgniter->handleRequest(null, Object(Config\Cache), false)
 9 FCPATH\index.php(79): CodeIgniter\CodeIgniter->run()
CRITICAL - 2024-01-10 06:57:55 --> Undefined variable $mobilityScore
in APPPATH\Views\visa.php on line 35.
 1 APPPATH\Views\visa.php(35): CodeIgniter\Debug\Exceptions->errorHandler(2, 'Undefined variable $mobilityScore', 'C:\\xampp\\htdocs\\visafree-codeigniter4\\app\\Views\\visa.php', 35)
 2 SYSTEMPATH\View\View.php(228): include('C:\\xampp\\htdocs\\visafree-codeigniter4\\app\\Views\\visa.php')
 3 SYSTEMPATH\View\View.php(231): CodeIgniter\View\View->CodeIgniter\View\{closure}()
 4 SYSTEMPATH\Common.php(1190): CodeIgniter\View\View->render('visa', [], true)
 5 APPPATH\Controllers\Details.php(23): view('visa', [...])
 6 SYSTEMPATH\CodeIgniter.php(942): App\Controllers\Details->index('afghanistan')
 7 SYSTEMPATH\CodeIgniter.php(502): CodeIgniter\CodeIgniter->runController(Object(App\Controllers\Details))
 8 SYSTEMPATH\CodeIgniter.php(361): CodeIgniter\CodeIgniter->handleRequest(null, Object(Config\Cache), false)
 9 FCPATH\index.php(79): CodeIgniter\CodeIgniter->run()
CRITICAL - 2024-01-10 06:58:07 --> Undefined variable $country
in APPPATH\Views\view-details.php on line 18.
 1 APPPATH\Views\view-details.php(18): CodeIgniter\Debug\Exceptions->errorHandler(2, 'Undefined variable $country', 'C:\\xampp\\htdocs\\visafree-codeigniter4\\app\\Views\\view-details.php', 18)
 2 SYSTEMPATH\View\View.php(228): include('C:\\xampp\\htdocs\\visafree-codeigniter4\\app\\Views\\view-details.php')
 3 SYSTEMPATH\View\View.php(231): CodeIgniter\View\View->CodeIgniter\View\{closure}()
 4 SYSTEMPATH\Common.php(1190): CodeIgniter\View\View->render('view-details', [], true)
 5 APPPATH\Controllers\Details.php(17): view('view-details')
 6 SYSTEMPATH\CodeIgniter.php(942): App\Controllers\Details->index('afghanistan')
 7 SYSTEMPATH\CodeIgniter.php(502): CodeIgniter\CodeIgniter->runController(Object(App\Controllers\Details))
 8 SYSTEMPATH\CodeIgniter.php(361): CodeIgniter\CodeIgniter->handleRequest(null, Object(Config\Cache), false)
 9 FCPATH\index.php(79): CodeIgniter\CodeIgniter->run()
CRITICAL - 2024-01-10 06:59:31 --> Undefined variable $country
in APPPATH\Views\view-details.php on line 18.
 1 APPPATH\Views\view-details.php(18): CodeIgniter\Debug\Exceptions->errorHandler(2, 'Undefined variable $country', 'C:\\xampp\\htdocs\\visafree-codeigniter4\\app\\Views\\view-details.php', 18)
 2 SYSTEMPATH\View\View.php(228): include('C:\\xampp\\htdocs\\visafree-codeigniter4\\app\\Views\\view-details.php')
 3 SYSTEMPATH\View\View.php(231): CodeIgniter\View\View->CodeIgniter\View\{closure}()
 4 SYSTEMPATH\Common.php(1190): CodeIgniter\View\View->render('view-details', [], true)
 5 APPPATH\Controllers\Details.php(23): view('view-details', [...])
 6 SYSTEMPATH\CodeIgniter.php(942): App\Controllers\Details->index('afghanistan')
 7 SYSTEMPATH\CodeIgniter.php(502): CodeIgniter\CodeIgniter->runController(Object(App\Controllers\Details))
 8 SYSTEMPATH\CodeIgniter.php(361): CodeIgniter\CodeIgniter->handleRequest(null, Object(Config\Cache), false)
 9 FCPATH\index.php(79): CodeIgniter\CodeIgniter->run()
CRITICAL - 2024-01-10 07:00:21 --> Undefined variable $data
in APPPATH\Views\view-details.php on line 18.
 1 APPPATH\Views\view-details.php(18): CodeIgniter\Debug\Exceptions->errorHandler(2, 'Undefined variable $data', 'C:\\xampp\\htdocs\\visafree-codeigniter4\\app\\Views\\view-details.php', 18)
 2 SYSTEMPATH\View\View.php(228): include('C:\\xampp\\htdocs\\visafree-codeigniter4\\app\\Views\\view-details.php')
 3 SYSTEMPATH\View\View.php(231): CodeIgniter\View\View->CodeIgniter\View\{closure}()
 4 SYSTEMPATH\Common.php(1190): CodeIgniter\View\View->render('view-details', [], true)
 5 APPPATH\Controllers\Details.php(23): view('view-details', [...])
 6 SYSTEMPATH\CodeIgniter.php(942): App\Controllers\Details->index('afghanistan')
 7 SYSTEMPATH\CodeIgniter.php(502): CodeIgniter\CodeIgniter->runController(Object(App\Controllers\Details))
 8 SYSTEMPATH\CodeIgniter.php(361): CodeIgniter\CodeIgniter->handleRequest(null, Object(Config\Cache), false)
 9 FCPATH\index.php(79): CodeIgniter\CodeIgniter->run()
CRITICAL - 2024-01-10 07:00:43 --> Undefined variable $data
in APPPATH\Views\view-details.php on line 18.
 1 APPPATH\Views\view-details.php(18): CodeIgniter\Debug\Exceptions->errorHandler(2, 'Undefined variable $data', 'C:\\xampp\\htdocs\\visafree-codeigniter4\\app\\Views\\view-details.php', 18)
 2 SYSTEMPATH\View\View.php(228): include('C:\\xampp\\htdocs\\visafree-codeigniter4\\app\\Views\\view-details.php')
 3 SYSTEMPATH\View\View.php(231): CodeIgniter\View\View->CodeIgniter\View\{closure}()
 4 SYSTEMPATH\Common.php(1190): CodeIgniter\View\View->render('view-details', [], true)
 5 APPPATH\Controllers\Details.php(23): view('view-details', [...])
 6 SYSTEMPATH\CodeIgniter.php(942): App\Controllers\Details->index('afghanistan')
 7 SYSTEMPATH\CodeIgniter.php(502): CodeIgniter\CodeIgniter->runController(Object(App\Controllers\Details))
 8 SYSTEMPATH\CodeIgniter.php(361): CodeIgniter\CodeIgniter->handleRequest(null, Object(Config\Cache), false)
 9 FCPATH\index.php(79): CodeIgniter\CodeIgniter->run()
