CRITICAL - 2024-01-04 07:33:05 --> App\Controllers\Home::searchedCountry(): Return value must be of type string, none returned
in APPPATH\Controllers\Home.php on line 40.
 1 SYSTEMPATH\CodeIgniter.php(942): App\Controllers\Home->searchedCountry('modifiedvisa')
 2 SYSTEMPATH\CodeIgniter.php(502): CodeIgniter\CodeIgniter->runController(Object(App\Controllers\Home))
 3 SYSTEMPATH\CodeIgniter.php(361): CodeIgniter\CodeIgniter->handleRequest(null, Object(Config\Cache), false)
 4 FCPATH\index.php(79): CodeIgniter\CodeIgniter->run()
CRITICAL - 2024-01-04 09:53:39 --> Array to string conversion
in APPPATH\Controllers\Home.php on line 60.
 1 APPPATH\Controllers\Home.php(60): CodeIgniter\Debug\Exceptions->errorHandler(2, 'Array to string conversion', 'C:\\xampp\\htdocs\\visafree-codeigniter4\\app\\Controllers\\Home.php', 60)
 2 APPPATH\Controllers\Home.php(26): App\Controllers\Home->getData()
 3 SYSTEMPATH\CodeIgniter.php(942): App\Controllers\Home->searchedCountry('united arab emirates')
 4 SYSTEMPATH\CodeIgniter.php(502): CodeIgniter\CodeIgniter->runController(Object(App\Controllers\Home))
 5 SYSTEMPATH\CodeIgniter.php(361): CodeIgniter\CodeIgniter->handleRequest(null, Object(Config\Cache), false)
 6 FCPATH\index.php(79): CodeIgniter\CodeIgniter->run()
CRITICAL - 2024-01-04 09:53:54 --> Array to string conversion
in APPPATH\Controllers\Home.php on line 60.
 1 APPPATH\Controllers\Home.php(60): CodeIgniter\Debug\Exceptions->errorHandler(2, 'Array to string conversion', 'C:\\xampp\\htdocs\\visafree-codeigniter4\\app\\Controllers\\Home.php', 60)
 2 APPPATH\Controllers\Home.php(26): App\Controllers\Home->getData()
 3 SYSTEMPATH\CodeIgniter.php(942): App\Controllers\Home->searchedCountry('united arab emirates')
 4 SYSTEMPATH\CodeIgniter.php(502): CodeIgniter\CodeIgniter->runController(Object(App\Controllers\Home))
 5 SYSTEMPATH\CodeIgniter.php(361): CodeIgniter\CodeIgniter->handleRequest(null, Object(Config\Cache), false)
 6 FCPATH\index.php(79): CodeIgniter\CodeIgniter->run()
CRITICAL - 2024-01-04 10:21:39 --> syntax error, unexpected token "[", expecting "]"
in APPPATH\Controllers\Home.php on line 61.
 1 SYSTEMPATH\Autoloader\Autoloader.php(291): CodeIgniter\Autoloader\Autoloader->includeFile('C:\\xampp\\htdocs\\visafree-codeigniter4\\app\\Controllers\\Home.php')
 2 SYSTEMPATH\Autoloader\Autoloader.php(269): CodeIgniter\Autoloader\Autoloader->loadInNamespace('App\\Controllers\\Home')
 3 [internal function]: CodeIgniter\Autoloader\Autoloader->loadClass('App\\Controllers\\Home')
 4 SYSTEMPATH\CodeIgniter.php(900): class_exists('\\App\\Controllers\\Home', true)
 5 SYSTEMPATH\CodeIgniter.php(489): CodeIgniter\CodeIgniter->startController()
 6 SYSTEMPATH\CodeIgniter.php(361): CodeIgniter\CodeIgniter->handleRequest(null, Object(Config\Cache), false)
 7 FCPATH\index.php(79): CodeIgniter\CodeIgniter->run()
CRITICAL - 2024-01-04 10:22:11 --> Array to string conversion
in APPPATH\Controllers\Home.php on line 61.
 1 APPPATH\Controllers\Home.php(61): CodeIgniter\Debug\Exceptions->errorHandler(2, 'Array to string conversion', 'C:\\xampp\\htdocs\\visafree-codeigniter4\\app\\Controllers\\Home.php', 61)
 2 APPPATH\Controllers\Home.php(26): App\Controllers\Home->getData()
 3 SYSTEMPATH\CodeIgniter.php(942): App\Controllers\Home->searchedCountry('burundi')
 4 SYSTEMPATH\CodeIgniter.php(502): CodeIgniter\CodeIgniter->runController(Object(App\Controllers\Home))
 5 SYSTEMPATH\CodeIgniter.php(361): CodeIgniter\CodeIgniter->handleRequest(null, Object(Config\Cache), false)
 6 FCPATH\index.php(79): CodeIgniter\CodeIgniter->run()
CRITICAL - 2024-01-04 10:30:00 --> syntax error, unexpected token "}"
in APPPATH\Controllers\Home.php on line 64.
 1 SYSTEMPATH\Autoloader\Autoloader.php(291): CodeIgniter\Autoloader\Autoloader->includeFile('C:\\xampp\\htdocs\\visafree-codeigniter4\\app\\Controllers\\Home.php')
 2 SYSTEMPATH\Autoloader\Autoloader.php(269): CodeIgniter\Autoloader\Autoloader->loadInNamespace('App\\Controllers\\Home')
 3 [internal function]: CodeIgniter\Autoloader\Autoloader->loadClass('App\\Controllers\\Home')
 4 SYSTEMPATH\CodeIgniter.php(900): class_exists('\\App\\Controllers\\Home', true)
 5 SYSTEMPATH\CodeIgniter.php(489): CodeIgniter\CodeIgniter->startController()
 6 SYSTEMPATH\CodeIgniter.php(361): CodeIgniter\CodeIgniter->handleRequest(null, Object(Config\Cache), false)
 7 FCPATH\index.php(79): CodeIgniter\CodeIgniter->run()
CRITICAL - 2024-01-04 10:59:42 --> Undefined array key "AL"
in APPPATH\Views\visa.php on line 125.
 1 APPPATH\Views\visa.php(125): CodeIgniter\Debug\Exceptions->errorHandler(2, 'Undefined array key "AL"', 'C:\\xampp\\htdocs\\visafree-codeigniter4\\app\\Views\\visa.php', 125)
 2 SYSTEMPATH\View\View.php(228): include('C:\\xampp\\htdocs\\visafree-codeigniter4\\app\\Views\\visa.php')
 3 SYSTEMPATH\View\View.php(231): CodeIgniter\View\View->CodeIgniter\View\{closure}()
 4 SYSTEMPATH\Common.php(1190): CodeIgniter\View\View->render('visa', [], true)
 5 APPPATH\Controllers\Home.php(36): view('visa', [...])
 6 SYSTEMPATH\CodeIgniter.php(942): App\Controllers\Home->searchedCountry('united arab emirates')
 7 SYSTEMPATH\CodeIgniter.php(502): CodeIgniter\CodeIgniter->runController(Object(App\Controllers\Home))
 8 SYSTEMPATH\CodeIgniter.php(361): CodeIgniter\CodeIgniter->handleRequest(null, Object(Config\Cache), false)
 9 FCPATH\index.php(79): CodeIgniter\CodeIgniter->run()
CRITICAL - 2024-01-04 11:23:10 --> Illegal offset type
in APPPATH\Controllers\Home.php on line 60.
 1 APPPATH\Controllers\Home.php(26): App\Controllers\Home->getData()
 2 SYSTEMPATH\CodeIgniter.php(942): App\Controllers\Home->searchedCountry('united arab emirates')
 3 SYSTEMPATH\CodeIgniter.php(502): CodeIgniter\CodeIgniter->runController(Object(App\Controllers\Home))
 4 SYSTEMPATH\CodeIgniter.php(361): CodeIgniter\CodeIgniter->handleRequest(null, Object(Config\Cache), false)
 5 FCPATH\index.php(79): CodeIgniter\CodeIgniter->run()
CRITICAL - 2024-01-04 11:28:20 --> Illegal offset type
in APPPATH\Controllers\Home.php on line 61.
 1 APPPATH\Controllers\Home.php(26): App\Controllers\Home->getData()
 2 SYSTEMPATH\CodeIgniter.php(942): App\Controllers\Home->searchedCountry('united arab emirates')
 3 SYSTEMPATH\CodeIgniter.php(502): CodeIgniter\CodeIgniter->runController(Object(App\Controllers\Home))
 4 SYSTEMPATH\CodeIgniter.php(361): CodeIgniter\CodeIgniter->handleRequest(null, Object(Config\Cache), false)
 5 FCPATH\index.php(79): CodeIgniter\CodeIgniter->run()
CRITICAL - 2024-01-04 11:28:21 --> Illegal offset type
in APPPATH\Controllers\Home.php on line 61.
 1 APPPATH\Controllers\Home.php(26): App\Controllers\Home->getData()
 2 SYSTEMPATH\CodeIgniter.php(942): App\Controllers\Home->searchedCountry('united arab emirates')
 3 SYSTEMPATH\CodeIgniter.php(502): CodeIgniter\CodeIgniter->runController(Object(App\Controllers\Home))
 4 SYSTEMPATH\CodeIgniter.php(361): CodeIgniter\CodeIgniter->handleRequest(null, Object(Config\Cache), false)
 5 FCPATH\index.php(79): CodeIgniter\CodeIgniter->run()
CRITICAL - 2024-01-04 11:28:22 --> Illegal offset type
in APPPATH\Controllers\Home.php on line 61.
 1 APPPATH\Controllers\Home.php(26): App\Controllers\Home->getData()
 2 SYSTEMPATH\CodeIgniter.php(942): App\Controllers\Home->searchedCountry('united arab emirates')
 3 SYSTEMPATH\CodeIgniter.php(502): CodeIgniter\CodeIgniter->runController(Object(App\Controllers\Home))
 4 SYSTEMPATH\CodeIgniter.php(361): CodeIgniter\CodeIgniter->handleRequest(null, Object(Config\Cache), false)
 5 FCPATH\index.php(79): CodeIgniter\CodeIgniter->run()
CRITICAL - 2024-01-04 11:28:28 --> Illegal offset type
in APPPATH\Controllers\Home.php on line 61.
 1 APPPATH\Controllers\Home.php(26): App\Controllers\Home->getData()
 2 SYSTEMPATH\CodeIgniter.php(942): App\Controllers\Home->searchedCountry('united arab emirates')
 3 SYSTEMPATH\CodeIgniter.php(502): CodeIgniter\CodeIgniter->runController(Object(App\Controllers\Home))
 4 SYSTEMPATH\CodeIgniter.php(361): CodeIgniter\CodeIgniter->handleRequest(null, Object(Config\Cache), false)
 5 FCPATH\index.php(79): CodeIgniter\CodeIgniter->run()
CRITICAL - 2024-01-04 11:28:33 --> Illegal offset type
in APPPATH\Controllers\Home.php on line 61.
 1 APPPATH\Controllers\Home.php(26): App\Controllers\Home->getData()
 2 SYSTEMPATH\CodeIgniter.php(942): App\Controllers\Home->searchedCountry('andorra')
 3 SYSTEMPATH\CodeIgniter.php(502): CodeIgniter\CodeIgniter->runController(Object(App\Controllers\Home))
 4 SYSTEMPATH\CodeIgniter.php(361): CodeIgniter\CodeIgniter->handleRequest(null, Object(Config\Cache), false)
 5 FCPATH\index.php(79): CodeIgniter\CodeIgniter->run()
CRITICAL - 2024-01-04 11:35:34 --> Array to string conversion
in APPPATH\Controllers\Home.php on line 60.
 1 APPPATH\Controllers\Home.php(60): CodeIgniter\Debug\Exceptions->errorHandler(2, 'Array to string conversion', 'C:\\xampp\\htdocs\\visafree-codeigniter4\\app\\Controllers\\Home.php', 60)
 2 APPPATH\Controllers\Home.php(26): App\Controllers\Home->getData()
 3 SYSTEMPATH\CodeIgniter.php(942): App\Controllers\Home->searchedCountry('andorra')
 4 SYSTEMPATH\CodeIgniter.php(502): CodeIgniter\CodeIgniter->runController(Object(App\Controllers\Home))
 5 SYSTEMPATH\CodeIgniter.php(361): CodeIgniter\CodeIgniter->handleRequest(null, Object(Config\Cache), false)
 6 FCPATH\index.php(79): CodeIgniter\CodeIgniter->run()
CRITICAL - 2024-01-04 12:11:22 --> Undefined variable $visaFreeCountries
in APPPATH\Views\visa.php on line 44.
 1 APPPATH\Views\visa.php(44): CodeIgniter\Debug\Exceptions->errorHandler(2, 'Undefined variable $visaFreeCountries', 'C:\\xampp\\htdocs\\visafree-codeigniter4\\app\\Views\\visa.php', 44)
 2 SYSTEMPATH\View\View.php(228): include('C:\\xampp\\htdocs\\visafree-codeigniter4\\app\\Views\\visa.php')
 3 SYSTEMPATH\View\View.php(231): CodeIgniter\View\View->CodeIgniter\View\{closure}()
 4 SYSTEMPATH\Common.php(1190): CodeIgniter\View\View->render('visa', [], true)
 5 APPPATH\Controllers\Home.php(40): view('visa', [...])
 6 SYSTEMPATH\CodeIgniter.php(942): App\Controllers\Home->searchedCountry('united arab emirates')
 7 SYSTEMPATH\CodeIgniter.php(502): CodeIgniter\CodeIgniter->runController(Object(App\Controllers\Home))
 8 SYSTEMPATH\CodeIgniter.php(361): CodeIgniter\CodeIgniter->handleRequest(null, Object(Config\Cache), false)
 9 FCPATH\index.php(79): CodeIgniter\CodeIgniter->run()
